<?xml version="1.0" encoding="UTF-8"?>
<!-- Generated by org.testng.reporters.JUnitReportReporter -->
<testsuite skipped="0" hostname="sks-PC" name="Com.Wipro.money.Script.TestScript" tests="1" failures="0" timestamp="2020-12-14T14:49:44 IST" time="0.016" errors="0">
  <testcase name="ValidateTitle" time="0.016" classname="Com.Wipro.money.Script.TestScript"/>
  <system-out/>
</testsuite> <!-- Com.Wipro.money.Script.TestScript -->
