<?xml version="1.0" encoding="UTF-8"?>
<!-- Generated by org.testng.reporters.JUnitReportReporter -->
<testsuite skipped="0" hostname="sks-PC" name="Com.Wipro.money.Script.TestScript" tests="10" failures="0" timestamp="2020-12-15T14:29:36 IST" time="8.543" errors="0">
  <testcase name="ValidateCreatenew" time="0.260" classname="Com.Wipro.money.Script.TestScript"/>
  <system-out/>
  <testcase name="ValidateDrop_Date" time="4.264" classname="Com.Wipro.money.Script.TestScript"/>
  <system-out/>
  <testcase name="ValidateCreateAccount" time="0.269" classname="Com.Wipro.money.Script.TestScript"/>
  <system-out/>
  <testcase name="ValidateName" time="3.091" classname="Com.Wipro.money.Script.TestScript"/>
  <system-out/>
  <testcase name="ValidateUrl" time="0.005" classname="Com.Wipro.money.Script.TestScript"/>
  <system-out/>
  <testcase name="Validatesurname" time="0.141" classname="Com.Wipro.money.Script.TestScript"/>
  <system-out/>
  <testcase name="validateradio" time="0.116" classname="Com.Wipro.money.Script.TestScript"/>
  <system-out/>
  <testcase name="ValidateDrop_Year" time="0.159" classname="Com.Wipro.money.Script.TestScript"/>
  <system-out/>
  <testcase name="ValidateDrop_Month" time="0.232" classname="Com.Wipro.money.Script.TestScript"/>
  <system-out/>
  <testcase name="ValidateTitle" time="0.006" classname="Com.Wipro.money.Script.TestScript"/>
  <system-out/>
</testsuite> <!-- Com.Wipro.money.Script.TestScript -->
